<?xml version="1.0" encoding="UTF-8"?>
<testsuite xmlns:xsi="http://www.w3.org/2001/XMLSchema-instance" xsi:noNamespaceSchemaLocation="https://maven.apache.org/surefire/maven-surefire-plugin/xsd/surefire-test-report.xsd" version="3.0.2" name="com.develop.dental_api.DentalApiApplicationTests" time="20.537" tests="1" errors="0" skipped="0" failures="0">
  <properties>
[...]
</properties>
  <testcase name="contextLoads" classname="com.develop.dental_api.DentalApiApplicationTests" time="0.542">
    <system-out><![CDATA[13:43:08.417 [main] INFO org.springframework.test.context.support.AnnotationConfigContextLoaderUtils -- Could not detect default configuration classes for test class [com.develop.dental_api.DentalApiApplicationTests]: DentalApiApplicationTests does not declare any static, non-private, non-final, nested classes annotated with @Configuration.
13:43:08.593 [main] INFO org.springframework.boot.test.context.SpringBootTestContextBootstrapper -- Found @SpringBootConfiguration com.develop.dental_api.DentalApiApplication for test class com.develop.dental_api.DentalApiApplicationTests

  .   ____          _            __ _ _
 /\\ / ___'_ __ _ _(_)_ __  __ _ \ \ \ \
( ( )\___ | '_ | '_| | '_ \/ _` | \ \ \ \
 \\/  ___)| |_)| | | | | || (_| |  ) ) ) )
  '  |____| .__|_| |_|_| |_\__, | / / / /
 =========|_|==============|___/=/_/_/_/

 :: Spring Boot ::                (v3.4.5)

2025-06-19T13:43:09.413-05:00  INFO 284 --- [dental-api] [           main] c.d.d.DentalApiApplicationTests          : Starting DentalApiApplicationTests using Java 21.0.4 with PID 284 (started by Joseph in C:\Users\josep\Downloads\GitAcount2\Backend-RCO)
2025-06-19T13:43:09.414-05:00  INFO 284 --- [dental-api] [           main] c.d.d.DentalApiApplicationTests          : No active profile set, falling back to 1 default profile: "default"
2025-06-19T13:43:11.828-05:00  INFO 284 --- [dental-api] [           main] .s.d.r.c.RepositoryConfigurationDelegate : Bootstrapping Spring Data JPA repositories in DEFAULT mode.
2025-06-19T13:43:11.937-05:00  INFO 284 --- [dental-api] [           main] .s.d.r.c.RepositoryConfigurationDelegate : Finished Spring Data repository scanning in 97 ms. Found 8 JPA repository interfaces.
2025-06-19T13:43:13.057-05:00  INFO 284 --- [dental-api] [           main] o.hibernate.jpa.internal.util.LogHelper  : HHH000204: Processing PersistenceUnitInfo [name: default]
2025-06-19T13:43:13.215-05:00  INFO 284 --- [dental-api] [           main] org.hibernate.Version                    : HHH000412: Hibernate ORM core version 6.6.13.Final
2025-06-19T13:43:13.276-05:00  INFO 284 --- [dental-api] [           main] o.h.c.internal.RegionFactoryInitiator    : HHH000026: Second-level cache disabled
2025-06-19T13:43:13.684-05:00  INFO 284 --- [dental-api] [           main] o.s.o.j.p.SpringPersistenceUnitInfo      : No LoadTimeWeaver setup: ignoring JPA class transformer
2025-06-19T13:43:13.720-05:00  INFO 284 --- [dental-api] [           main] com.zaxxer.hikari.HikariDataSource       : HikariPool-1 - Starting...
2025-06-19T13:43:15.888-05:00  INFO 284 --- [dental-api] [           main] com.zaxxer.hikari.pool.HikariPool        : HikariPool-1 - Added connection org.postgresql.jdbc.PgConnection@5b2c7186
2025-06-19T13:43:15.889-05:00  INFO 284 --- [dental-api] [           main] com.zaxxer.hikari.HikariDataSource       : HikariPool-1 - Start completed.
2025-06-19T13:43:16.113-05:00  WARN 284 --- [dental-api] [           main] org.hibernate.orm.deprecation            : HHH90000025: PostgreSQLDialect does not need to be specified explicitly using 'hibernate.dialect' (remove the property setting and it will be selected by default)
2025-06-19T13:43:16.523-05:00  INFO 284 --- [dental-api] [           main] org.hibernate.orm.connections.pooling    : HHH10001005: Database info:
	Database JDBC URL [Connecting through datasource 'HikariDataSource (HikariPool-1)']
	Database driver: undefined/unknown
	Database version: 16.9
	Autocommit mode: undefined/unknown
	Isolation level: undefined/unknown
	Minimum pool size: undefined/unknown
	Maximum pool size: undefined/unknown
2025-06-19T13:43:17.923-05:00  INFO 284 --- [dental-api] [           main] o.h.e.t.j.p.i.JtaPlatformInitiator       : HHH000489: No JTA platform available (set 'hibernate.transaction.jta.platform' to enable JTA platform integration)
Hibernate: create table appointments (appointment_id integer generated by default as identity, appointment_date timestamp(6) not null, created_at timestamp(6), reason varchar(255), status varchar(255), dentist_id integer not null, patient_id integer not null, service_id integer not null, primary key (appointment_id))
Hibernate: create table availability (id integer not null, day_of_week varchar(255) check (day_of_week in ('MONDAY','TUESDAY','WEDNESDAY','THURSDAY','FRIDAY','SATURDAY','SUNDAY')), end_time time(6), start_time time(6), dentist_user_id integer, primary key (id))
Hibernate: create table clinical_records (clinical_id integer generated by default as identity, allergies varchar(255), created_at timestamp(6), evolution_notes varchar(255), family_history varchar(255), medical_history varchar(255), treatment_plan varchar(255), user_id integer not null, primary key (clinical_id))
Hibernate: create table payments (payment_id integer generated by default as identity, amount numeric(38,2) not null, mercado_pago_id varchar(255), payment_date timestamp(6), payment_method varchar(255), status varchar(255), appointment_id integer, primary key (payment_id))
Hibernate: create table profiles (profile_id integer generated by default as identity, birth_date date, created_at timestamp(6), dni varchar(255), first_name varchar(255), last_name varchar(255), phone varchar(255), user_id integer not null, primary key (profile_id))
Hibernate: create table services (service_id integer generated by default as identity, created_at timestamp(6), description varchar(255), is_recurring boolean, name varchar(255) not null, price numeric(38,2), primary key (service_id))
Hibernate: create table treatments_done (treatments_id integer generated by default as identity, created_at timestamp(6), observations varchar(255), status varchar(255), treatment_date date not null, clinical_record_id integer not null, service_id integer not null, primary key (treatments_id))
Hibernate: create table users (user_id integer generated by default as identity, created_at timestamp(6), email varchar(255) not null, password varchar(255) not null, recovery_token varchar(255), recovery_token_expiry timestamp(6), role varchar(255) not null check (role in ('ADMIN','DENTIST','PATIENT')), primary key (user_id))
Hibernate: alter table if exists clinical_records drop constraint if exists UK5q19dcupamiglwr3ip5gxamp2
2025-06-19T13:43:20.453-05:00  WARN 284 --- [dental-api] [           main] o.h.engine.jdbc.spi.SqlExceptionHelper   : SQL Warning Code: 0, SQLState: 00000
2025-06-19T13:43:20.453-05:00  WARN 284 --- [dental-api] [           main] o.h.engine.jdbc.spi.SqlExceptionHelper   : constraint "uk5q19dcupamiglwr3ip5gxamp2" of relation "clinical_records" does not exist, skipping
Hibernate: alter table if exists clinical_records add constraint UK5q19dcupamiglwr3ip5gxamp2 unique (user_id)
Hibernate: alter table if exists payments drop constraint if exists UKrdf287axaui23naatjokw0ees
2025-06-19T13:43:20.827-05:00  WARN 284 --- [dental-api] [           main] o.h.engine.jdbc.spi.SqlExceptionHelper   : SQL Warning Code: 0, SQLState: 00000
2025-06-19T13:43:20.828-05:00  WARN 284 --- [dental-api] [           main] o.h.engine.jdbc.spi.SqlExceptionHelper   : constraint "ukrdf287axaui23naatjokw0ees" of relation "payments" does not exist, skipping
Hibernate: alter table if exists payments add constraint UKrdf287axaui23naatjokw0ees unique (mercado_pago_id)
Hibernate: alter table if exists payments drop constraint if exists UK2kxb37oip0md9ggekjbjmana4
2025-06-19T13:43:21.203-05:00  WARN 284 --- [dental-api] [           main] o.h.engine.jdbc.spi.SqlExceptionHelper   : SQL Warning Code: 0, SQLState: 00000
2025-06-19T13:43:21.203-05:00  WARN 284 --- [dental-api] [           main] o.h.engine.jdbc.spi.SqlExceptionHelper   : constraint "uk2kxb37oip0md9ggekjbjmana4" of relation "payments" does not exist, skipping
Hibernate: alter table if exists payments add constraint UK2kxb37oip0md9ggekjbjmana4 unique (appointment_id)
Hibernate: alter table if exists profiles drop constraint if exists UKkxi7jd7bitsrnas8hmitq6e75
2025-06-19T13:43:21.577-05:00  WARN 284 --- [dental-api] [           main] o.h.engine.jdbc.spi.SqlExceptionHelper   : SQL Warning Code: 0, SQLState: 00000
2025-06-19T13:43:21.578-05:00  WARN 284 --- [dental-api] [           main] o.h.engine.jdbc.spi.SqlExceptionHelper   : constraint "ukkxi7jd7bitsrnas8hmitq6e75" of relation "profiles" does not exist, skipping
Hibernate: alter table if exists profiles add constraint UKkxi7jd7bitsrnas8hmitq6e75 unique (dni)
Hibernate: alter table if exists profiles drop constraint if exists UK4ixsj6aqve5pxrbw2u0oyk8bb
2025-06-19T13:43:21.970-05:00  WARN 284 --- [dental-api] [           main] o.h.engine.jdbc.spi.SqlExceptionHelper   : SQL Warning Code: 0, SQLState: 00000
2025-06-19T13:43:21.971-05:00  WARN 284 --- [dental-api] [           main] o.h.engine.jdbc.spi.SqlExceptionHelper   : constraint "uk4ixsj6aqve5pxrbw2u0oyk8bb" of relation "profiles" does not exist, skipping
Hibernate: alter table if exists profiles add constraint UK4ixsj6aqve5pxrbw2u0oyk8bb unique (user_id)
Hibernate: alter table if exists users drop constraint if exists UK6dotkott2kjsp8vw4d0m25fb7
2025-06-19T13:43:22.343-05:00  WARN 284 --- [dental-api] [           main] o.h.engine.jdbc.spi.SqlExceptionHelper   : SQL Warning Code: 0, SQLState: 00000
2025-06-19T13:43:22.344-05:00  WARN 284 --- [dental-api] [           main] o.h.engine.jdbc.spi.SqlExceptionHelper   : constraint "uk6dotkott2kjsp8vw4d0m25fb7" of relation "users" does not exist, skipping
Hibernate: alter table if exists users add constraint UK6dotkott2kjsp8vw4d0m25fb7 unique (email)
Hibernate: create sequence availability_seq start with 1 increment by 50
Hibernate: alter table if exists appointments add constraint FKsf4pb3b71gj7n2iwj34xb4g8f foreign key (dentist_id) references users
Hibernate: alter table if exists appointments add constraint FKopb2h9yhin1rb4dqote8bws6w foreign key (patient_id) references users
Hibernate: alter table if exists appointments add constraint FK5iltr7k9pows18hk8nc101vc1 foreign key (service_id) references services
Hibernate: alter table if exists availability add constraint FKkxxyxo05ydavbhbe1fnhwabmj foreign key (dentist_user_id) references users
Hibernate: alter table if exists clinical_records add constraint FKhn2idwdjmr7f78vly4mupfea3 foreign key (user_id) references users
Hibernate: alter table if exists payments add constraint FK9a0odew03qao7nlbdsesrux5u foreign key (appointment_id) references appointments
Hibernate: alter table if exists profiles add constraint FK410q61iev7klncmpqfuo85ivh foreign key (user_id) references users
Hibernate: alter table if exists treatments_done add constraint FK1rv5mltxp7flawirmvp8cmfkn foreign key (clinical_record_id) references clinical_records
Hibernate: alter table if exists treatments_done add constraint FK78ljj6b9n4455cnqg4hkm29ln foreign key (service_id) references services
2025-06-19T13:43:24.487-05:00  INFO 284 --- [dental-api] [           main] j.LocalContainerEntityManagerFactoryBean : Initialized JPA EntityManagerFactory for persistence unit 'default'
2025-06-19T13:43:25.109-05:00  INFO 284 --- [dental-api] [           main] o.s.d.j.r.query.QueryEnhancerFactory     : Hibernate is in classpath; If applicable, HQL parser will be used.
2025-06-19T13:43:26.090-05:00  WARN 284 --- [dental-api] [           main] JpaBaseConfiguration$JpaWebConfiguration : spring.jpa.open-in-view is enabled by default. Therefore, database queries may be performed during view rendering. Explicitly configure spring.jpa.open-in-view to disable this warning
2025-06-19T13:43:26.174-05:00  INFO 284 --- [dental-api] [           main] eAuthenticationProviderManagerConfigurer : Global AuthenticationManager configured with AuthenticationProvider bean with name authenticationProvider
2025-06-19T13:43:26.175-05:00  WARN 284 --- [dental-api] [           main] r$InitializeUserDetailsManagerConfigurer : Global AuthenticationManager configured with an AuthenticationProvider bean. UserDetailsService beans will not be used by Spring Security for automatically configuring username/password login. Consider removing the AuthenticationProvider bean. Alternatively, consider using the UserDetailsService in a manually instantiated DaoAuthenticationProvider. If the current configuration is intentional, to turn off this warning, increase the logging level of 'org.springframework.security.config.annotation.authentication.configuration.InitializeUserDetailsBeanManagerConfigurer' to ERROR
2025-06-19T13:43:27.004-05:00  INFO 284 --- [dental-api] [           main] o.s.b.a.e.web.EndpointLinksResolver      : Exposing 1 endpoint beneath base path '/actuator'
2025-06-19T13:43:28.025-05:00  INFO 284 --- [dental-api] [           main] c.d.d.DentalApiApplicationTests          : Started DentalApiApplicationTests in 19.202 seconds (process running for 21.202)
]]></system-out>
    <system-err><![CDATA[Mockito is currently self-attaching to enable the inline-mock-maker. This will no longer work in future releases of the JDK. Please add Mockito as an agent to your build what is described in Mockito's documentation: https://javadoc.io/doc/org.mockito/mockito-core/latest/org/mockito/Mockito.html#0.3
WARNING: A Java agent has been loaded dynamically (C:\Users\josep\.m2\repository\net\bytebuddy\byte-buddy-agent\1.15.11\byte-buddy-agent-1.15.11.jar)
WARNING: If a serviceability tool is in use, please run with -XX:+EnableDynamicAgentLoading to hide this warning
WARNING: If a serviceability tool is not in use, please run with -Djdk.instrument.traceUsage for more information
WARNING: Dynamic loading of agents will be disallowed by default in a future release
]]></system-err>
  </testcase>
</testsuite>